SF:lib/nosmai_flutter_method_channel.dart
DA:13,3
DA:14,9
DA:18,0
DA:19,0
DA:20,0
DA:21,0
DA:22,0
DA:25,0
DA:26,0
DA:27,0
DA:30,0
DA:31,0
DA:37,1
DA:39,2
DA:43,0
DA:46,0
DA:51,0
DA:56,0
DA:62,0
DA:63,0
DA:67,0
DA:72,0
DA:75,0
DA:77,0
DA:82,0
DA:85,0
DA:87,0
DA:92,0
DA:98,0
DA:99,0
DA:103,0
DA:108,0
DA:114,0
DA:115,0
DA:119,0
DA:124,0
DA:127,0
DA:129,0
DA:134,0
DA:137,0
DA:139,0
DA:144,0
DA:147,0
DA:149,0
DA:154,0
DA:157,0
DA:159,0
DA:164,0
DA:167,0
DA:169,0
DA:174,0
DA:177,0
DA:182,0
DA:187,0
DA:190,0
DA:193,0
DA:198,0
DA:201,0
DA:205,0
DA:210,0
DA:213,0
DA:215,0
DA:220,0
DA:223,0
DA:225,0
DA:230,2
DA:233,4
DA:235,6
DA:241,0
DA:244,0
DA:249,0
DA:254,0
DA:257,0
DA:258,0
DA:260,0
DA:261,0
DA:265,0
DA:268,0
DA:271,0
DA:273,0
DA:274,0
DA:278,0
DA:281,0
DA:282,0
DA:284,0
DA:285,0
DA:289,0
DA:292,0
DA:293,0
DA:295,0
DA:296,0
DA:300,0
DA:303,0
DA:304,0
DA:306,0
DA:307,0
DA:311,0
DA:314,0
DA:320,0
DA:326,0
DA:329,0
DA:332,0
DA:337,0
DA:340,0
DA:341,0
DA:343,0
DA:344,0
DA:348,0
DA:351,0
DA:354,0
DA:360,0
DA:363,0
DA:368,0
DA:373,0
DA:376,0
DA:380,0
DA:385,0
DA:388,0
DA:392,0
DA:397,0
DA:400,0
DA:406,0
DA:411,0
DA:414,0
DA:418,0
DA:423,0
DA:426,0
DA:430,0
DA:435,0
DA:438,0
DA:442,0
DA:447,0
DA:450,0
DA:454,0
DA:459,0
DA:462,0
DA:467,0
DA:472,0
DA:475,0
DA:476,0
DA:478,0
DA:479,0
DA:483,0
DA:486,0
DA:487,0
DA:488,0
DA:490,0
DA:492,0
DA:493,0
DA:497,0
DA:500,0
DA:502,0
DA:504,0
DA:506,0
DA:507,0
LF:155
LH:7
end_of_record
SF:lib/nosmai_camera_preview.dart
DA:7,0
DA:16,0
DA:18,0
DA:19,0
DA:20,0
DA:21,0
DA:32,0
DA:33,0
DA:34,0
LF:9
LH:0
end_of_record
SF:lib/nosmai_flutter.dart
DA:12,2
DA:15,6
DA:18,4
DA:50,3
DA:53,3
DA:56,3
DA:59,4
DA:62,4
DA:65,2
DA:72,2
DA:74,2
DA:75,2
DA:76,2
DA:77,2
DA:78,2
DA:79,4
DA:80,2
DA:84,2
DA:85,1
DA:86,1
DA:90,2
DA:91,4
DA:94,2
DA:97,2
DA:99,1
DA:104,0
DA:107,0
DA:109,0
DA:118,2
DA:122,2
DA:123,4
DA:132,2
DA:133,2
DA:135,2
DA:136,1
DA:141,6
DA:142,2
DA:143,2
DA:145,0
DA:153,2
DA:154,2
DA:155,2
DA:159,1
DA:160,1
DA:165,3
DA:166,1
DA:167,1
DA:169,0
DA:170,0
DA:179,2
DA:183,2
DA:184,4
DA:194,2
DA:198,2
DA:199,4
DA:209,1
DA:213,1
DA:214,2
DA:215,1
DA:224,2
DA:229,2
DA:230,4
DA:231,2
DA:239,1
DA:243,1
DA:244,2
DA:245,1
DA:253,1
DA:257,1
DA:258,2
DA:259,1
DA:268,0
DA:273,0
DA:274,0
DA:275,0
DA:287,1
DA:288,1
DA:289,2
DA:295,1
DA:296,1
DA:297,2
DA:304,0
DA:305,0
DA:306,0
DA:312,1
DA:313,1
DA:314,2
DA:320,0
DA:321,0
DA:322,0
DA:329,0
DA:330,0
DA:332,0
DA:336,0
DA:337,0
DA:338,0
DA:343,0
DA:344,0
DA:345,0
DA:350,0
DA:351,0
DA:352,0
DA:357,0
DA:358,0
DA:359,0
DA:362,0
DA:364,0
DA:366,0
DA:371,1
DA:374,1
DA:375,0
DA:376,0
DA:381,1
DA:382,0
DA:383,0
DA:388,1
DA:389,3
DA:390,0
DA:395,1
DA:396,1
DA:397,1
DA:400,2
DA:402,1
DA:404,0
DA:414,1
DA:415,1
DA:416,2
DA:422,2
DA:423,2
DA:424,4
DA:425,10
DA:432,1
DA:433,1
DA:434,2
DA:440,2
DA:441,2
DA:442,4
DA:443,10
DA:451,2
DA:452,2
DA:453,4
DA:455,4
DA:456,2
DA:457,2
DA:460,4
DA:462,2
DA:463,2
DA:464,10
DA:467,2
DA:469,2
DA:475,1
DA:476,1
DA:477,2
DA:478,2
DA:486,0
DA:487,0
DA:488,0
DA:496,2
DA:497,2
DA:499,2
DA:500,1
DA:504,2
DA:505,4
DA:509,2
DA:510,2
DA:512,0
DA:521,2
DA:522,2
DA:524,1
DA:525,1
DA:526,1
DA:535,1
DA:536,2
DA:539,1
DA:541,2
DA:543,1
DA:544,1
DA:546,0
DA:551,0
DA:552,0
DA:553,0
DA:557,0
DA:565,1
DA:566,1
DA:567,2
DA:576,2
DA:577,2
DA:580,2
DA:583,2
DA:586,1
DA:590,4
DA:596,2
DA:597,2
DA:598,4
DA:604,2
DA:605,2
DA:606,4
DA:614,1
DA:615,1
DA:616,2
DA:622,1
DA:623,1
DA:624,2
DA:630,1
DA:631,1
DA:632,2
DA:638,1
DA:639,1
DA:640,2
DA:646,1
DA:647,1
DA:648,2
DA:655,1
DA:656,1
DA:659,1
DA:662,1
DA:665,1
DA:669,2
DA:673,1
DA:674,2
DA:682,2
DA:683,2
DA:685,4
DA:686,2
DA:688,0
DA:691,0
DA:693,0
DA:695,0
DA:705,2
DA:706,2
DA:708,4
DA:710,0
DA:713,0
DA:715,0
DA:724,1
DA:725,1
DA:727,2
DA:729,0
DA:732,0
DA:734,0
DA:742,2
DA:743,2
DA:746,2
DA:749,2
DA:752,4
DA:753,4
DA:754,4
DA:756,2
DA:760,2
DA:763,2
DA:764,4
DA:766,0
DA:767,0
DA:768,0
DA:774,2
DA:775,4
DA:777,0
DA:778,0
DA:784,2
DA:785,6
DA:787,0
DA:788,0
DA:794,2
DA:795,2
DA:796,2
DA:797,4
DA:800,4
DA:805,2
DA:806,2
DA:807,2
DA:809,2
DA:810,1
DA:815,2
DA:816,2
DA:817,0
DA:820,4
DA:822,4
DA:823,4
LF:278
LH:211
end_of_record
SF:lib/nosmai_flutter_platform_interface.dart
DA:8,9
DA:10,9
DA:12,6
DA:15,4
DA:20,2
DA:21,4
DA:26,0
DA:27,0
DA:31,0
DA:35,0
DA:39,0
DA:40,0
DA:44,0
DA:45,0
DA:49,0
DA:53,0
DA:57,0
DA:61,0
DA:65,0
DA:66,0
DA:70,0
DA:71,0
DA:75,0
DA:76,0
DA:80,0
DA:81,0
DA:85,0
DA:86,0
DA:90,0
DA:91,0
DA:95,0
DA:96,0
DA:100,0
DA:101,0
DA:105,0
DA:106,0
DA:110,0
DA:111,0
DA:115,0
DA:116,0
DA:120,0
DA:121,0
DA:125,0
DA:126,0
DA:129,0
DA:130,0
DA:133,0
DA:134,0
DA:137,0
DA:138,0
DA:141,0
DA:142,0
DA:145,0
DA:146,0
DA:149,0
DA:150,0
DA:154,0
DA:155,0
DA:158,0
DA:159,0
DA:162,0
DA:163,0
DA:167,0
DA:168,0
DA:171,0
DA:172,0
DA:175,0
DA:176,0
DA:179,0
DA:180,0
DA:183,0
DA:184,0
DA:187,0
DA:188,0
DA:191,0
DA:192,0
DA:195,0
DA:196,0
DA:199,0
DA:200,0
DA:204,0
DA:205,0
DA:209,0
DA:210,0
DA:214,0
DA:215,0
LF:86
LH:6
end_of_record
SF:lib/nosmai_types.dart
DA:41,3
DA:47,1
DA:48,1
DA:49,1
DA:50,1
DA:51,1
DA:61,2
DA:66,1
DA:67,1
DA:68,1
DA:69,1
DA:79,2
DA:84,1
DA:85,1
DA:86,2
DA:87,3
DA:98,1
DA:104,1
DA:105,1
DA:106,1
DA:107,1
DA:108,1
DA:125,3
DA:137,3
DA:140,6
DA:141,0
DA:142,0
DA:146,4
DA:147,6
DA:148,2
DA:150,3
DA:152,6
DA:153,6
DA:154,3
DA:155,3
DA:157,3
DA:158,4
DA:159,4
DA:163,0
DA:164,0
DA:165,0
DA:166,0
DA:167,0
DA:168,0
DA:169,0
DA:170,0
DA:171,0
DA:172,0
DA:173,0
DA:186,3
DA:194,3
DA:195,3
DA:196,6
DA:197,6
DA:198,6
DA:199,6
DA:200,6
DA:204,0
DA:205,0
DA:206,0
DA:207,0
DA:208,0
DA:209,0
DA:210,0
DA:225,1
DA:235,1
DA:236,1
DA:237,2
DA:238,2
DA:239,2
DA:240,2
DA:241,2
DA:242,2
DA:243,2
DA:247,0
DA:248,0
DA:249,0
DA:250,0
DA:251,0
DA:252,0
DA:253,0
DA:254,0
DA:255,0
DA:268,2
DA:276,2
DA:277,2
DA:278,2
DA:279,4
DA:280,4
DA:281,4
DA:282,3
DA:286,0
DA:287,0
DA:288,0
DA:289,0
DA:290,0
DA:291,0
DA:292,0
DA:303,1
DA:309,1
DA:310,1
DA:311,2
DA:312,2
DA:313,2
DA:317,0
DA:318,0
DA:319,0
DA:320,0
DA:321,0
DA:355,2
DA:361,1
DA:362,1
DA:363,2
DA:364,2
DA:365,2
DA:369,1
DA:371,4
DA:384,3
DA:393,3
DA:395,3
DA:396,3
DA:397,4
DA:403,3
DA:404,6
DA:405,3
DA:406,2
DA:407,2
DA:409,3
DA:413,3
DA:414,6
DA:415,3
DA:416,2
DA:417,2
DA:419,0
DA:424,3
DA:427,3
DA:429,3
DA:431,1
DA:432,0
DA:433,1
DA:435,0
DA:442,3
DA:452,0
DA:454,0
DA:459,0
DA:460,0
DA:461,0
DA:462,0
DA:463,0
DA:464,0
DA:465,0
DA:466,0
DA:470,0
DA:472,0
LF:154
LH:98
end_of_record
